0 info it worked if it ends with ok
1 verbose cli [ '/opt/nodejs/bin/node',
1 verbose cli   '/usr/bin/npm',
1 verbose cli   'install',
1 verbose cli   'https://github.com/dbcapp/paypal-middleware' ]
2 info using npm@3.3.12
3 info using node@v5.5.0
4 silly loadCurrentTree Starting
5 silly install loadCurrentTree
6 silly install readLocalPackageData
7 silly fetchPackageMetaData https://github.com/dbcapp/paypal-middleware
8 silly fetchOtherPackageData https://github.com/dbcapp/paypal-middleware
9 silly cache add args [ 'https://github.com/dbcapp/paypal-middleware', null ]
10 verbose cache add spec https://github.com/dbcapp/paypal-middleware
11 silly cache add parsed spec Result {
11 silly cache add   raw: 'https://github.com/dbcapp/paypal-middleware',
11 silly cache add   scope: null,
11 silly cache add   name: null,
11 silly cache add   rawSpec: 'https://github.com/dbcapp/paypal-middleware',
11 silly cache add   spec: 'git+https://github.com/dbcapp/paypal-middleware.git',
11 silly cache add   type: 'hosted',
11 silly cache add   hosted:
11 silly cache add    { type: 'github',
11 silly cache add      ssh: 'git@github.com:dbcapp/paypal-middleware.git',
11 silly cache add      sshUrl: 'git+ssh://git@github.com/dbcapp/paypal-middleware.git',
11 silly cache add      httpsUrl: 'git+https://github.com/dbcapp/paypal-middleware.git',
11 silly cache add      gitUrl: 'git://github.com/dbcapp/paypal-middleware.git',
11 silly cache add      shortcut: 'github:dbcapp/paypal-middleware',
11 silly cache add      directUrl: 'https://raw.githubusercontent.com/dbcapp/paypal-middleware/master/package.json' } }
12 verbose addRemoteGit caching https://github.com/dbcapp/paypal-middleware
13 verbose addRemoteGit git+https://github.com/dbcapp/paypal-middleware.git is a repository hosted by github
14 silly tryClone cloning git+https://github.com/dbcapp/paypal-middleware.git via git+https://github.com/dbcapp/paypal-middleware.git
15 verbose tryClone git-https-github-com-dbcapp-paypal-middleware-git-bacdd98a5852e12fb3b9d0d32a86637a not in flight; caching
16 info git [ 'clone',
16 info git   '--template=/home/lrossetti/.npm/_git-remotes/_templates',
16 info git   '--mirror',
16 info git   'https://github.com/dbcapp/paypal-middleware.git',
16 info git   '/home/lrossetti/.npm/_git-remotes/git-https-github-com-dbcapp-paypal-middleware-git-bacdd98a5852e12fb3b9d0d32a86637a' ]
17 verbose mirrorRemote git+https://github.com/dbcapp/paypal-middleware.git git clone https://github.com/dbcapp/paypal-middleware.git
18 verbose setPermissions git+https://github.com/dbcapp/paypal-middleware.git set permissions on /home/lrossetti/.npm/_git-remotes/git-https-github-com-dbcapp-paypal-middleware-git-bacdd98a5852e12fb3b9d0d32a86637a
19 verbose resolveHead git+https://github.com/dbcapp/paypal-middleware.git original treeish: master
20 info git [ 'rev-list', '-n1', 'master' ]
21 silly resolveHead git+https://github.com/dbcapp/paypal-middleware.git resolved treeish: fec9a0e80b694aa405be8319713867fdf18fd73e
22 verbose resolveHead git+https://github.com/dbcapp/paypal-middleware.git resolved Git URL: git+https://github.com/dbcapp/paypal-middleware.git#fec9a0e80b694aa405be8319713867fdf18fd73e
23 silly resolveHead Git working directory: /tmp/npm-9800-98f9366d/git-cache-4e3683318f6fda89e46fdffebf4f51e9/fec9a0e80b694aa405be8319713867fdf18fd73e
24 info git [ 'clone',
24 info git   '/home/lrossetti/.npm/_git-remotes/git-https-github-com-dbcapp-paypal-middleware-git-bacdd98a5852e12fb3b9d0d32a86637a',
24 info git   '/tmp/npm-9800-98f9366d/git-cache-4e3683318f6fda89e46fdffebf4f51e9/fec9a0e80b694aa405be8319713867fdf18fd73e' ]
25 verbose cloneResolved git+https://github.com/dbcapp/paypal-middleware.git clone Cloning into '/tmp/npm-9800-98f9366d/git-cache-4e3683318f6fda89e46fdffebf4f51e9/fec9a0e80b694aa405be8319713867fdf18fd73e'...
25 verbose cloneResolved done.
26 info git [ 'checkout', 'fec9a0e80b694aa405be8319713867fdf18fd73e' ]
27 verbose checkoutTreeish git+https://github.com/dbcapp/paypal-middleware.git checkout Note: checking out 'fec9a0e80b694aa405be8319713867fdf18fd73e'.
27 verbose checkoutTreeish
27 verbose checkoutTreeish You are in 'detached HEAD' state. You can look around, make experimental
27 verbose checkoutTreeish changes and commit them, and you can discard any commits you make in this
27 verbose checkoutTreeish state without impacting any branches by performing another checkout.
27 verbose checkoutTreeish
27 verbose checkoutTreeish If you want to create a new branch to retain commits you create, you may
27 verbose checkoutTreeish do so (now or later) by using -b with the checkout command again. Example:
27 verbose checkoutTreeish
27 verbose checkoutTreeish   git checkout -b new_branch_name
27 verbose checkoutTreeish
27 verbose checkoutTreeish HEAD is now at fec9a0e... first commit
28 verbose addLocalDirectory /home/lrossetti/.npm/paypal-middleware/0.0.1/package.tgz not in flight; packing
29 verbose tar pack [ '/home/lrossetti/.npm/paypal-middleware/0.0.1/package.tgz',
29 verbose tar pack   '/tmp/npm-9800-98f9366d/git-cache-4e3683318f6fda89e46fdffebf4f51e9/fec9a0e80b694aa405be8319713867fdf18fd73e' ]
30 verbose tarball /home/lrossetti/.npm/paypal-middleware/0.0.1/package.tgz
31 verbose folder /tmp/npm-9800-98f9366d/git-cache-4e3683318f6fda89e46fdffebf4f51e9/fec9a0e80b694aa405be8319713867fdf18fd73e
32 verbose addLocalTarball adding from inside cache /home/lrossetti/.npm/paypal-middleware/0.0.1/package.tgz
33 verbose addRemoteGit data._from: git+https://github.com/dbcapp/paypal-middleware.git
34 verbose addRemoteGit data._resolved: git+https://github.com/dbcapp/paypal-middleware.git#fec9a0e80b694aa405be8319713867fdf18fd73e
35 silly cache afterAdd paypal-middleware@0.0.1
36 verbose afterAdd /home/lrossetti/.npm/paypal-middleware/0.0.1/package/package.json not in flight; writing
37 verbose afterAdd /home/lrossetti/.npm/paypal-middleware/0.0.1/package/package.json written
38 silly install normalizeTree
39 silly loadCurrentTree Finishing
40 silly loadIdealTree Starting
41 silly install loadIdealTree
42 silly cloneCurrentTree Starting
43 silly install cloneCurrentTreeToIdealTree
44 silly cloneCurrentTree Finishing
45 silly loadShrinkwrap Starting
46 silly install loadShrinkwrap
47 silly loadShrinkwrap Finishing
48 silly loadAllDepsIntoIdealTree Starting
49 silly install loadAllDepsIntoIdealTree
50 silly rollbackFailedOptional Starting
51 silly rollbackFailedOptional Finishing
52 silly runTopLevelLifecycles Starting
53 silly runTopLevelLifecycles Finishing
54 silly install printInstalled
55 verbose stack Error: Refusing to install paypal-middleware as a dependency of itself
55 verbose stack     at checkSelf (/opt/nodejs/lib/node_modules/npm/lib/install/validate-args.js:40:14)
55 verbose stack     at Array.<anonymous> (/opt/nodejs/lib/node_modules/npm/node_modules/slide/lib/bind-actor.js:15:8)
55 verbose stack     at LOOP (/opt/nodejs/lib/node_modules/npm/node_modules/slide/lib/chain.js:15:14)
55 verbose stack     at chain (/opt/nodejs/lib/node_modules/npm/node_modules/slide/lib/chain.js:20:5)
55 verbose stack     at /opt/nodejs/lib/node_modules/npm/lib/install/validate-args.js:15:5
55 verbose stack     at /opt/nodejs/lib/node_modules/npm/node_modules/slide/lib/async-map.js:52:35
55 verbose stack     at Array.forEach (native)
55 verbose stack     at /opt/nodejs/lib/node_modules/npm/node_modules/slide/lib/async-map.js:52:11
55 verbose stack     at Array.forEach (native)
55 verbose stack     at asyncMap (/opt/nodejs/lib/node_modules/npm/node_modules/slide/lib/async-map.js:51:8)
56 verbose cwd /home/lrossetti/Projects/hackathon/dbc/paypal-middleware
57 error Linux 3.16.0-4-686-pae
58 error argv "/opt/nodejs/bin/node" "/usr/bin/npm" "install" "https://github.com/dbcapp/paypal-middleware"
59 error node v5.5.0
60 error npm  v3.3.12
61 error code ENOSELF
62 error Refusing to install paypal-middleware as a dependency of itself
63 error If you need help, you may report this error at:
63 error     <https://github.com/npm/npm/issues>
64 verbose exit [ 1, true ]
